*** Starting uWSGI 2.0.18 (64bit) on [Fri Mar 13 17:16:11 2020] ***
compiled with version: 7.5.0 on 13 March 2020 08:01:53
os: Linux-5.3.0-40-generic #32~18.04.1-Ubuntu SMP Mon Feb 3 14:05:59 UTC 2020
nodename: han
machine: x86_64
clock source: unix
detected number of CPU cores: 4
current working directory: /home/han/PycharmProjects/shop/ny3
writing pidfile to uwsgi.pid
detected binary path: /home/han/.local/bin/uwsgi
!!! no internal routing support, rebuild with pcre support !!!
chdir() to /home/han/PycharmProjects/shop/ny3
your processes number limit is 13390
your memory page size is 4096 bytes
detected max file descriptor number: 1024
lock engine: pthread robust mutexes
thunder lock: disabled (you can enable it with --thunder-lock)
uwsgi socket 0 bound to TCP address 127.0.0.1:8000 fd 3
Python version: 3.6.9 (default, Nov  7 2019, 10:44:02)  [GCC 8.3.0]
Python main interpreter initialized at 0x5642cdd459c0
python threads support enabled
your server socket listen backlog is limited to 100 connections
your mercy for graceful operations on workers is 60 seconds
mapped 166688 bytes (162 KB) for 2 cores
*** Operational MODE: threaded ***
WSGI app 0 (mountpoint='') ready in 1 seconds on interpreter 0x5642cdd459c0 pid: 9177 (default app)
*** uWSGI is running in multiple interpreter mode ***
spawned uWSGI master process (pid: 9177)
spawned uWSGI worker 1 (pid: 9179, cores: 2)
invalid request block size: 21573 (max 4096)...skip
invalid request block size: 21573 (max 4096)...skip
invalid request block size: 21573 (max 4096)...skip
invalid request block size: 21573 (max 4096)...skip
invalid request block size: 21573 (max 4096)...skip
invalid request block size: 21573 (max 4096)...skip
invalid request block size: 21573 (max 4096)...skip
invalid request block size: 21573 (max 4096)...skip
invalid request block size: 21573 (max 4096)...skip
invalid request block size: 21573 (max 4096)...skip
invalid request block size: 21573 (max 4096)...skip
invalid request block size: 21573 (max 4096)...skip
invalid request block size: 21573 (max 4096)...skip
invalid request block size: 21573 (max 4096)...skip
invalid request block size: 21573 (max 4096)...skip
invalid request block size: 21573 (max 4096)...skip
invalid request block size: 21573 (max 4096)...skip
invalid request block size: 21573 (max 4096)...skip
invalid request block size: 21573 (max 4096)...skip
invalid request block size: 21573 (max 4096)...skip
invalid request block size: 21573 (max 4096)...skip
invalid request block size: 21573 (max 4096)...skip
invalid request block size: 21573 (max 4096)...skip
invalid request block size: 21573 (max 4096)...skip
invalid request block size: 21573 (max 4096)...skip
invalid request block size: 21573 (max 4096)...skip
invalid request block size: 21573 (max 4096)...skip
invalid request block size: 21573 (max 4096)...skip
invalid request block size: 21573 (max 4096)...skip
invalid request block size: 21573 (max 4096)...skip
Fri Mar 13 17:18:11 2020 - uWSGI worker 1 screams: UAAAAAAH my master disconnected: i will kill myself !!!
Fri Mar 13 17:18:11 2020 - uWSGI worker 1 screams: UAAAAAAH my master disconnected: i will kill myself !!!
*** Starting uWSGI 2.0.18 (64bit) on [Fri Mar 13 17:18:15 2020] ***
compiled with version: 7.5.0 on 13 March 2020 08:01:53
os: Linux-5.3.0-40-generic #32~18.04.1-Ubuntu SMP Mon Feb 3 14:05:59 UTC 2020
nodename: han
machine: x86_64
clock source: unix
detected number of CPU cores: 4
current working directory: /home/han/PycharmProjects/shop/ny3
writing pidfile to uwsgi.pid
detected binary path: /home/han/.local/bin/uwsgi
!!! no internal routing support, rebuild with pcre support !!!
chdir() to /home/han/PycharmProjects/shop/ny3
your processes number limit is 13390
your memory page size is 4096 bytes
detected max file descriptor number: 1024
lock engine: pthread robust mutexes
thunder lock: disabled (you can enable it with --thunder-lock)
uwsgi socket 0 bound to TCP address 127.0.0.1:8000 fd 3
Python version: 3.6.9 (default, Nov  7 2019, 10:44:02)  [GCC 8.3.0]
Python main interpreter initialized at 0x5584f327b9c0
python threads support enabled
your server socket listen backlog is limited to 100 connections
your mercy for graceful operations on workers is 60 seconds
mapped 166688 bytes (162 KB) for 2 cores
*** Operational MODE: threaded ***
WSGI app 0 (mountpoint='') ready in 1 seconds on interpreter 0x5584f327b9c0 pid: 9281 (default app)
*** uWSGI is running in multiple interpreter mode ***
spawned uWSGI master process (pid: 9281)
spawned uWSGI worker 1 (pid: 9283, cores: 2)
invalid request block size: 21573 (max 4096)...skip
invalid request block size: 21573 (max 4096)...skip
invalid request block size: 21573 (max 4096)...skip
invalid request block size: 21573 (max 4096)...skip
invalid request block size: 21573 (max 4096)...skip
invalid request block size: 21573 (max 4096)...skip
invalid request block size: 21573 (max 4096)...skip
invalid request block size: 21573 (max 4096)...skip
invalid request block size: 21573 (max 4096)...skip
invalid request block size: 21573 (max 4096)...skip
invalid request block size: 21573 (max 4096)...skip
invalid request block size: 21573 (max 4096)...skip
invalid request block size: 21573 (max 4096)...skip
invalid request block size: 21573 (max 4096)...skip
invalid request block size: 21573 (max 4096)...skip
invalid request block size: 21573 (max 4096)...skip
invalid request block size: 21573 (max 4096)...skip
invalid request block size: 21573 (max 4096)...skip
invalid request block size: 21573 (max 4096)...skip
invalid request block size: 21573 (max 4096)...skip
[pid: 9283|app: 0|req: 1/1] 127.0.0.1 () {42 vars in 780 bytes} [Fri Mar 13 17:22:26 2020] GET / => generated 74 bytes in 4097 msecs (HTTP/1.1 404) 4 headers in 114 bytes (1 switches on core 1)
[pid: 9283|app: 0|req: 2/2] 127.0.0.1 () {40 vars in 707 bytes} [Fri Mar 13 17:22:30 2020] GET /favicon.ico => generated 85 bytes in 4 msecs (HTTP/1.1 404) 4 headers in 114 bytes (1 switches on core 0)
[pid: 9283|app: 0|req: 3/3] 127.0.0.1 () {42 vars in 780 bytes} [Fri Mar 13 17:22:45 2020] GET / => generated 74 bytes in 2 msecs (HTTP/1.1 404) 4 headers in 114 bytes (1 switches on core 0)
[pid: 9283|app: 0|req: 4/4] 127.0.0.1 () {42 vars in 780 bytes} [Fri Mar 13 17:23:18 2020] GET / => generated 74 bytes in 2 msecs (HTTP/1.1 404) 4 headers in 114 bytes (1 switches on core 1)
invalid request block size: 21573 (max 4096)...skip
invalid request block size: 21573 (max 4096)...skip
invalid request block size: 21573 (max 4096)...skip
invalid request block size: 21573 (max 4096)...skip
invalid request block size: 21573 (max 4096)...skip
invalid request block size: 21573 (max 4096)...skip
invalid request block size: 21573 (max 4096)...skip
invalid request block size: 21573 (max 4096)...skip
invalid request block size: 21573 (max 4096)...skip
invalid request block size: 21573 (max 4096)...skip
[pid: 9283|app: 0|req: 5/5] 127.0.0.1 () {42 vars in 838 bytes} [Fri Mar 13 17:41:06 2020] GET /dadashop/templates/index.html => generated 103 bytes in 74 msecs (HTTP/1.1 404) 4 headers in 115 bytes (1 switches on core 0)
[pid: 9283|app: 0|req: 6/6] 127.0.0.1 () {44 vars in 869 bytes} [Fri Mar 13 17:43:11 2020] GET /dadashop/templates/index.html => generated 103 bytes in 26 msecs (HTTP/1.1 404) 4 headers in 115 bytes (1 switches on core 1)
invalid request block size: 21573 (max 4096)...skip
invalid request block size: 21573 (max 4096)...skip
invalid request block size: 21573 (max 4096)...skip
invalid request block size: 21573 (max 4096)...skip
invalid request block size: 21573 (max 4096)...skip
invalid request block size: 21573 (max 4096)...skip
invalid request block size: 21573 (max 4096)...skip
invalid request block size: 21573 (max 4096)...skip
invalid request block size: 21573 (max 4096)...skip
invalid request block size: 21573 (max 4096)...skip
invalid request block size: 21573 (max 4096)...skip
invalid request block size: 21573 (max 4096)...skip
invalid request block size: 21573 (max 4096)...skip
invalid request block size: 21573 (max 4096)...skip
invalid request block size: 21573 (max 4096)...skip
invalid request block size: 21573 (max 4096)...skip
invalid request block size: 21573 (max 4096)...skip
invalid request block size: 21573 (max 4096)...skip
invalid request block size: 21573 (max 4096)...skip
invalid request block size: 21573 (max 4096)...skip
Fri Mar 13 17:48:56 2020 - uWSGI worker 1 screams: UAAAAAAH my master disconnected: i will kill myself !!!
Fri Mar 13 17:48:56 2020 - uWSGI worker 1 screams: UAAAAAAH my master disconnected: i will kill myself !!!
*** Starting uWSGI 2.0.18 (64bit) on [Fri Mar 13 17:49:19 2020] ***
compiled with version: 7.5.0 on 13 March 2020 08:01:53
os: Linux-5.3.0-40-generic #32~18.04.1-Ubuntu SMP Mon Feb 3 14:05:59 UTC 2020
nodename: han
machine: x86_64
clock source: unix
detected number of CPU cores: 4
current working directory: /home/han/PycharmProjects/shop/ny3
writing pidfile to uwsgi.pid
detected binary path: /home/han/.local/bin/uwsgi
!!! no internal routing support, rebuild with pcre support !!!
chdir() to /home/han/PycharmProjects/shop/ny3
your processes number limit is 13390
your memory page size is 4096 bytes
detected max file descriptor number: 1024
lock engine: pthread robust mutexes
thunder lock: disabled (you can enable it with --thunder-lock)
uWSGI http bound on 127.0.0.1:8000 fd 4
uwsgi socket 0 bound to TCP address 127.0.0.1:36051 (port auto-assigned) fd 3
Python version: 3.6.9 (default, Nov  7 2019, 10:44:02)  [GCC 8.3.0]
Python main interpreter initialized at 0x561a8b55fa80
python threads support enabled
your server socket listen backlog is limited to 100 connections
your mercy for graceful operations on workers is 60 seconds
mapped 166688 bytes (162 KB) for 2 cores
*** Operational MODE: threaded ***
WSGI app 0 (mountpoint='') ready in 5 seconds on interpreter 0x561a8b55fa80 pid: 9952 (default app)
*** uWSGI is running in multiple interpreter mode ***
spawned uWSGI master process (pid: 9952)
spawned uWSGI worker 1 (pid: 9957, cores: 2)
spawned uWSGI http 1 (pid: 9959)
[pid: 9957|app: 0|req: 1/1] 127.0.0.1 () {38 vars in 750 bytes} [Fri Mar 13 17:49:35 2020] GET /admin/ => generated 9666 bytes in 7709 msecs (HTTP/1.1 200) 6 headers in 235 bytes (1 switches on core 0)
[pid: 9957|app: 0|req: 3/2] 127.0.0.1 () {38 vars in 741 bytes} [Fri Mar 13 17:49:43 2020] GET /static/admin/css/base.css => generated 99 bytes in 63 msecs (HTTP/1.1 404) 4 headers in 114 bytes (1 switches on core 1)
[pid: 9957|app: 0|req: 3/3] 127.0.0.1 () {38 vars in 751 bytes} [Fri Mar 13 17:49:43 2020] GET /static/admin/css/dashboard.css => generated 104 bytes in 61 msecs (HTTP/1.1 404) 4 headers in 115 bytes (1 switches on core 0)
[pid: 9957|app: 0|req: 4/4] 127.0.0.1 () {36 vars in 665 bytes} [Fri Mar 13 17:49:43 2020] GET /favicon.ico => generated 85 bytes in 2 msecs (HTTP/1.1 404) 4 headers in 114 bytes (1 switches on core 1)
Fri Mar 13 18:03:10 2020 - uWSGI worker 1 screams: UAAAAAAH my master disconnected: i will kill myself !!!
Fri Mar 13 18:03:10 2020 - uWSGI worker 1 screams: UAAAAAAH my master disconnected: i will kill myself !!!
*** Starting uWSGI 2.0.18 (64bit) on [Fri Mar 13 18:03:17 2020] ***
compiled with version: 7.5.0 on 13 March 2020 08:01:53
os: Linux-5.3.0-40-generic #32~18.04.1-Ubuntu SMP Mon Feb 3 14:05:59 UTC 2020
nodename: han
machine: x86_64
clock source: unix
detected number of CPU cores: 4
current working directory: /home/han/PycharmProjects/shop/ny3
writing pidfile to uwsgi.pid
detected binary path: /home/han/.local/bin/uwsgi
!!! no internal routing support, rebuild with pcre support !!!
chdir() to /home/han/PycharmProjects/shop/ny3
your processes number limit is 13390
your memory page size is 4096 bytes
detected max file descriptor number: 1024
lock engine: pthread robust mutexes
thunder lock: disabled (you can enable it with --thunder-lock)
uwsgi socket 0 bound to TCP address 127.0.0.1:8000 fd 3
Python version: 3.6.9 (default, Nov  7 2019, 10:44:02)  [GCC 8.3.0]
Python main interpreter initialized at 0x560c5f24b990
python threads support enabled
your server socket listen backlog is limited to 100 connections
your mercy for graceful operations on workers is 60 seconds
mapped 166688 bytes (162 KB) for 2 cores
*** Operational MODE: threaded ***
WSGI app 0 (mountpoint='') ready in 1 seconds on interpreter 0x560c5f24b990 pid: 10158 (default app)
*** uWSGI is running in multiple interpreter mode ***
spawned uWSGI master process (pid: 10158)
spawned uWSGI worker 1 (pid: 10160, cores: 2)
[pid: 10160|app: 0|req: 1/1] 127.0.0.1 () {42 vars in 788 bytes} [Fri Mar 13 18:03:38 2020] GET / => generated 74 bytes in 3457 msecs (HTTP/1.1 404) 4 headers in 114 bytes (1 switches on core 0)
[pid: 10160|app: 0|req: 2/2] 127.0.0.1 () {42 vars in 798 bytes} [Fri Mar 13 18:04:17 2020] GET /admin => generated 0 bytes in 2 msecs (HTTP/1.1 301) 4 headers in 126 bytes (1 switches on core 1)
[pid: 10160|app: 0|req: 3/3] 127.0.0.1 () {42 vars in 800 bytes} [Fri Mar 13 18:04:17 2020] GET /admin/ => generated 9666 bytes in 860 msecs (HTTP/1.1 200) 6 headers in 235 bytes (1 switches on core 0)
[pid: 10160|app: 0|req: 5/4] 127.0.0.1 () {42 vars in 791 bytes} [Fri Mar 13 18:04:18 2020] GET /static/admin/css/base.css => generated 99 bytes in 7 msecs (HTTP/1.1 404) 4 headers in 114 bytes (1 switches on core 1)
[pid: 10160|app: 0|req: 5/5] 127.0.0.1 () {42 vars in 801 bytes} [Fri Mar 13 18:04:18 2020] GET /static/admin/css/dashboard.css => generated 104 bytes in 6 msecs (HTTP/1.1 404) 4 headers in 115 bytes (1 switches on core 0)
invalid request block size: 21573 (max 4096)...skip
invalid request block size: 21573 (max 4096)...skip
invalid request block size: 21573 (max 4096)...skip
invalid request block size: 21573 (max 4096)...skip
invalid request block size: 21573 (max 4096)...skip
invalid request block size: 21573 (max 4096)...skip
invalid request block size: 21573 (max 4096)...skip
invalid request block size: 21573 (max 4096)...skip
invalid request block size: 21573 (max 4096)...skip
invalid request block size: 21573 (max 4096)...skip
[pid: 10160|app: 0|req: 6/6] 127.0.0.1 () {42 vars in 800 bytes} [Fri Mar 13 18:05:48 2020] GET /admin/ => generated 9666 bytes in 170 msecs (HTTP/1.1 200) 6 headers in 235 bytes (1 switches on core 1)
[pid: 10160|app: 0|req: 7/7] 127.0.0.1 () {42 vars in 802 bytes} [Fri Mar 13 18:08:30 2020] GET /v1/user => generated 81 bytes in 3 msecs (HTTP/1.1 404) 4 headers in 114 bytes (1 switches on core 0)
[pid: 10160|app: 0|req: 8/8] 127.0.0.1 () {42 vars in 804 bytes} [Fri Mar 13 18:08:38 2020] GET /v1/users => generated 0 bytes in 2 msecs (HTTP/1.1 405) 5 headers in 159 bytes (1 switches on core 1)
[pid: 10160|app: 0|req: 9/9] 127.0.0.1 () {44 vars in 835 bytes} [Fri Mar 13 18:08:44 2020] GET /v1/users => generated 0 bytes in 2 msecs (HTTP/1.1 405) 5 headers in 159 bytes (1 switches on core 0)
[pid: 10160|app: 0|req: 10/10] 127.0.0.1 () {42 vars in 806 bytes} [Fri Mar 13 18:09:06 2020] GET /v1/tokens => generated 41 bytes in 2 msecs (HTTP/1.1 200) 4 headers in 114 bytes (1 switches on core 1)
invalid request block size: 21573 (max 4096)...skip
invalid request block size: 21573 (max 4096)...skip
invalid request block size: 21573 (max 4096)...skip
invalid request block size: 21573 (max 4096)...skip
invalid request block size: 21573 (max 4096)...skip
invalid request block size: 21573 (max 4096)...skip
invalid request block size: 21573 (max 4096)...skip
invalid request block size: 21573 (max 4096)...skip
invalid request block size: 21573 (max 4096)...skip
invalid request block size: 21573 (max 4096)...skip
[pid: 10160|app: 0|req: 11/11] 127.0.0.1 () {48 vars in 971 bytes} [Fri Mar 13 18:17:03 2020] GET /dadashop/templates/index.html => generated 103 bytes in 3 msecs (HTTP/1.1 404) 4 headers in 115 bytes (1 switches on core 1)
[pid: 10160|app: 0|req: 12/12] 127.0.0.1 () {44 vars in 877 bytes} [Fri Mar 13 18:17:06 2020] GET /dadashop/templates/index.html => generated 103 bytes in 3 msecs (HTTP/1.1 404) 4 headers in 115 bytes (1 switches on core 1)
Fri Mar 13 18:18:35 2020 - uWSGI worker 1 screams: UAAAAAAH my master disconnected: i will kill myself !!!
Fri Mar 13 18:18:35 2020 - uWSGI worker 1 screams: UAAAAAAH my master disconnected: i will kill myself !!!
*** Starting uWSGI 2.0.18 (64bit) on [Fri Mar 13 18:18:41 2020] ***
compiled with version: 7.5.0 on 13 March 2020 08:01:53
os: Linux-5.3.0-40-generic #32~18.04.1-Ubuntu SMP Mon Feb 3 14:05:59 UTC 2020
nodename: han
machine: x86_64
clock source: unix
detected number of CPU cores: 4
current working directory: /home/han/PycharmProjects/shop/ny3
writing pidfile to uwsgi.pid
detected binary path: /home/han/.local/bin/uwsgi
!!! no internal routing support, rebuild with pcre support !!!
chdir() to /home/han/PycharmProjects/shop/ny3
your processes number limit is 13390
your memory page size is 4096 bytes
detected max file descriptor number: 1024
lock engine: pthread robust mutexes
thunder lock: disabled (you can enable it with --thunder-lock)
uwsgi socket 0 bound to TCP address 127.0.0.1:8000 fd 3
Python version: 3.6.9 (default, Nov  7 2019, 10:44:02)  [GCC 8.3.0]
Python main interpreter initialized at 0x55d9fdd1c990
python threads support enabled
your server socket listen backlog is limited to 100 connections
your mercy for graceful operations on workers is 60 seconds
mapped 166688 bytes (162 KB) for 2 cores
*** Operational MODE: threaded ***
WSGI app 0 (mountpoint='') ready in 5 seconds on interpreter 0x55d9fdd1c990 pid: 10919 (default app)
*** uWSGI is running in multiple interpreter mode ***
spawned uWSGI master process (pid: 10919)
spawned uWSGI worker 1 (pid: 10927, cores: 2)
[pid: 10927|app: 0|req: 1/1] 127.0.0.1 () {42 vars in 846 bytes} [Fri Mar 13 18:19:00 2020] GET /dadashop/templates/index.html => generated 103 bytes in 3893 msecs (HTTP/1.1 404) 4 headers in 115 bytes (1 switches on core 0)
[pid: 10927|app: 0|req: 2/2] 127.0.0.1 () {42 vars in 800 bytes} [Fri Mar 13 18:19:10 2020] GET /admin/ => generated 9666 bytes in 661 msecs (HTTP/1.1 200) 6 headers in 235 bytes (1 switches on core 1)
[pid: 10927|app: 0|req: 3/3] 127.0.0.1 () {42 vars in 806 bytes} [Fri Mar 13 18:19:27 2020] GET /v1/dtoken => generated 83 bytes in 3 msecs (HTTP/1.1 404) 4 headers in 114 bytes (1 switches on core 0)
[pid: 10927|app: 0|req: 4/4] 127.0.0.1 () {42 vars in 806 bytes} [Fri Mar 13 18:19:48 2020] GET /v1/tokens => generated 41 bytes in 1 msecs (HTTP/1.1 200) 4 headers in 114 bytes (1 switches on core 1)
invalid request block size: 21573 (max 4096)...skip
invalid request block size: 21573 (max 4096)...skip
invalid request block size: 21573 (max 4096)...skip
invalid request block size: 21573 (max 4096)...skip
invalid request block size: 21573 (max 4096)...skip
invalid request block size: 21573 (max 4096)...skip
invalid request block size: 21573 (max 4096)...skip
invalid request block size: 21573 (max 4096)...skip
invalid request block size: 21573 (max 4096)...skip
invalid request block size: 21573 (max 4096)...skip
[pid: 10927|app: 0|req: 5/5] 127.0.0.1 () {42 vars in 852 bytes} [Fri Mar 13 18:23:46 2020] GET /dadashop/templates/register.html => generated 106 bytes in 2 msecs (HTTP/1.1 404) 4 headers in 115 bytes (1 switches on core 1)
[pid: 10927|app: 0|req: 6/6] 127.0.0.1 () {42 vars in 800 bytes} [Fri Mar 13 18:25:38 2020] GET /admin/ => generated 9666 bytes in 165 msecs (HTTP/1.1 200) 6 headers in 235 bytes (1 switches on core 0)
Fri Mar 13 18:33:40 2020 - uWSGI worker 1 screams: UAAAAAAH my master disconnected: i will kill myself !!!
Fri Mar 13 18:33:40 2020 - uWSGI worker 1 screams: UAAAAAAH my master disconnected: i will kill myself !!!
