*** Starting uWSGI 2.0.18 (64bit) on [Fri Mar 13 16:24:03 2020] ***
compiled with version: 7.5.0 on 13 March 2020 08:01:53
os: Linux-5.3.0-40-generic #32~18.04.1-Ubuntu SMP Mon Feb 3 14:05:59 UTC 2020
nodename: han
machine: x86_64
clock source: unix
detected number of CPU cores: 4
current working directory: /home/han/PycharmProjects/shop/ny3/ny3
writing pidfile to uwsgi.pid
detected binary path: /home/han/.local/bin/uwsgi
!!! no internal routing support, rebuild with pcre support !!!
chdir() to /home/han/PycharmProjects/shop/ny3 #这里需要换为项目文件夹的绝对路径
chdir(): No such file or directory [core/uwsgi.c line 2623]
*** Starting uWSGI 2.0.18 (64bit) on [Fri Mar 13 16:27:59 2020] ***
compiled with version: 7.5.0 on 13 March 2020 08:01:53
os: Linux-5.3.0-40-generic #32~18.04.1-Ubuntu SMP Mon Feb 3 14:05:59 UTC 2020
nodename: han
machine: x86_64
clock source: unix
detected number of CPU cores: 4
current working directory: /home/han/PycharmProjects/shop/ny3/ny3
writing pidfile to uwsgi.pid
detected binary path: /home/han/.local/bin/uwsgi
!!! no internal routing support, rebuild with pcre support !!!
chdir() to /home/han/PycharmProjects/shop/ny3 #这里需要换为项目文件夹的绝对路径
chdir(): No such file or directory [core/uwsgi.c line 2623]
*** Starting uWSGI 2.0.18 (64bit) on [Fri Mar 13 16:29:03 2020] ***
compiled with version: 7.5.0 on 13 March 2020 08:01:53
os: Linux-5.3.0-40-generic #32~18.04.1-Ubuntu SMP Mon Feb 3 14:05:59 UTC 2020
nodename: han
machine: x86_64
clock source: unix
detected number of CPU cores: 4
current working directory: /home/han/PycharmProjects/shop/ny3/ny3
writing pidfile to uwsgi.pid
detected binary path: /home/han/.local/bin/uwsgi
!!! no internal routing support, rebuild with pcre support !!!
chdir() to /home/han/PycharmProjects/shop/ny3 #这里需要换为项目文件夹的绝对路径
chdir(): No such file or directory [core/uwsgi.c line 2623]
*** Starting uWSGI 2.0.18 (64bit) on [Fri Mar 13 16:33:36 2020] ***
compiled with version: 7.5.0 on 13 March 2020 08:01:53
os: Linux-5.3.0-40-generic #32~18.04.1-Ubuntu SMP Mon Feb 3 14:05:59 UTC 2020
nodename: han
machine: x86_64
clock source: unix
detected number of CPU cores: 4
current working directory: /home/han/PycharmProjects/shop/ny3/ny3
writing pidfile to uwsgi.pid
detected binary path: /home/han/.local/bin/uwsgi
!!! no internal routing support, rebuild with pcre support !!!
chdir() to /home/han/PycharmProjects/shop/ny3 #这里需要换为项目文件夹的绝对路径
chdir(): No such file or directory [core/uwsgi.c line 2623]
*** Starting uWSGI 2.0.18 (64bit) on [Fri Mar 13 16:35:16 2020] ***
compiled with version: 7.5.0 on 13 March 2020 08:01:53
os: Linux-5.3.0-40-generic #32~18.04.1-Ubuntu SMP Mon Feb 3 14:05:59 UTC 2020
nodename: han
machine: x86_64
clock source: unix
detected number of CPU cores: 4
current working directory: /home/han/PycharmProjects/shop/ny3/ny3
writing pidfile to uwsgi.pid
detected binary path: /home/han/.local/bin/uwsgi
!!! no internal routing support, rebuild with pcre support !!!
chdir() to /home/han/PycharmProjects/shop/ny3 #这里需要换为项目文件夹的绝对路径
chdir(): No such file or directory [core/uwsgi.c line 2623]
*** Starting uWSGI 2.0.18 (64bit) on [Fri Mar 13 17:08:50 2020] ***
compiled with version: 7.5.0 on 13 March 2020 08:01:53
os: Linux-5.3.0-40-generic #32~18.04.1-Ubuntu SMP Mon Feb 3 14:05:59 UTC 2020
nodename: han
machine: x86_64
clock source: unix
detected number of CPU cores: 4
current working directory: /home/han/PycharmProjects/shop/ny3/ny3
writing pidfile to uwsgi.pid
detected binary path: /home/han/.local/bin/uwsgi
!!! no internal routing support, rebuild with pcre support !!!
chdir() to /home/han/PycharmProjects/shop/ny3
your processes number limit is 13390
your memory page size is 4096 bytes
detected max file descriptor number: 1024
lock engine: pthread robust mutexes
thunder lock: disabled (you can enable it with --thunder-lock)
uWSGI http bound on 127.0.0.1:8000 fd 4
uwsgi socket 0 bound to TCP address 127.0.0.1:44003 (port auto-assigned) fd 3
Python version: 3.6.9 (default, Nov  7 2019, 10:44:02)  [GCC 8.3.0]
Python main interpreter initialized at 0x560cc0f58ac0
python threads support enabled
your server socket listen backlog is limited to 100 connections
your mercy for graceful operations on workers is 60 seconds
mapped 166688 bytes (162 KB) for 2 cores
*** Operational MODE: threaded ***
WSGI app 0 (mountpoint='') ready in 5 seconds on interpreter 0x560cc0f58ac0 pid: 9085 (default app)
*** uWSGI is running in multiple interpreter mode ***
spawned uWSGI master process (pid: 9085)
spawned uWSGI worker 1 (pid: 9087, cores: 2)
spawned uWSGI http 1 (pid: 9089)
Fri Mar 13 17:15:57 2020 - uWSGI worker 1 screams: UAAAAAAH my master disconnected: i will kill myself !!!
Fri Mar 13 17:15:57 2020 - uWSGI worker 1 screams: UAAAAAAH my master disconnected: i will kill myself !!!
